<?xml version="1.0" encoding="UTF-8"?>
<!-- Generated by org.testng.reporters.JUnitReportReporter -->
<testsuite hostname="DESKTOP-S2MRPTD" failures="0" tests="4" name="Tests.TestCRUD" time="4.819" errors="0" timestamp="2022-10-31T20:12:57 AST" skipped="0">
  <testcase classname="Tests.TestCRUD" name="getRequest" time="0.616"/>
  <system-out/>
  <testcase classname="Tests.TestCRUD" name="putRequest" time="0.569"/>
  <system-out/>
  <testcase classname="Tests.TestCRUD" name="deleteRequest" time="2.742"/>
  <system-out/>
  <testcase classname="Tests.TestCRUD" name="postRequest" time="0.892"/>
  <system-out/>
</testsuite> <!-- Tests.TestCRUD -->
